Android/LogIt/app/manifest-merger-release-report.txt
-- Merging decision tree log ---
manifest
ADDED from AndroidManifest.xml:3:1
	package
		ADDED from AndroidManifest.xml:4:5
		INJECTED from AndroidManifest.xml:0:0
		INJECTED from AndroidManifest.xml:0:0
	android:versionName
		INJECTED from AndroidManifest.xml:0:0
		INJECTED from AndroidManifest.xml:0:0
	xmlns:android
		ADDED from AndroidManifest.xml:5:5
	android:versionCode
		INJECTED from AndroidManifest.xml:0:0
		INJECTED from AndroidManifest.xml:0:0
uses-permission#com.google.android.c2dm.permission.RECEIVE
ADDED from AndroidManifest.xml:7:5
	android:name
		ADDED from AndroidManifest.xml:7:22
uses-permission#edu.neu.madcourse.dharammaniar.permission.C2D_MESSAGE
ADDED from AndroidManifest.xml:8:5
	android:name
		ADDED from AndroidManifest.xml:8:22
uses-permission#android.permission.ACCESS_FINE_LOCATION
ADDED from AndroidManifest.xml:9:5
	android:name
		ADDED from AndroidManifest.xml:9:22
uses-permission#android.permission.ACCESS_NETWORK_STATE
ADDED from AndroidManifest.xml:10:5
	android:name
		ADDED from AndroidManifest.xml:10:22
uses-permission#android.permission.ACCESS_WIFI_STATE
ADDED from AndroidManifest.xml:11:5
	android:name
		ADDED from AndroidManifest.xml:11:22
uses-permission#android.permission.GET_ACCOUNTS
ADDED from AndroidManifest.xml:12:5
	android:name
		ADDED from AndroidManifest.xml:12:22
uses-permission#android.permission.INTERNET
ADDED from AndroidManifest.xml:13:5
	android:name
		ADDED from AndroidManifest.xml:13:22
uses-permission#android.permission.READ_EXTERNAL_STORAGE
ADDED from AndroidManifest.xml:14:5
	android:name
		ADDED from AndroidManifest.xml:14:22
uses-permission#android.permission.READ_PHONE_STATE
ADDED from AndroidManifest.xml:15:5
	android:name
		ADDED from AndroidManifest.xml:15:22
uses-permission#android.permission.RECEIVE_BOOT_COMPLETED
ADDED from AndroidManifest.xml:16:5
	android:name
		ADDED from AndroidManifest.xml:16:22
uses-permission#android.permission.VIBRATE
ADDED from AndroidManifest.xml:17:5
	android:name
		ADDED from AndroidManifest.xml:17:22
uses-permission#android.permission.WAKE_LOCK
ADDED from AndroidManifest.xml:18:5
	android:name
		ADDED from AndroidManifest.xml:18:22
uses-permission#android.permission.WRITE_EXTERNAL_STORAGE
ADDED from AndroidManifest.xml:19:5
	android:name
		ADDED from AndroidManifest.xml:19:22
uses-permission#android.permission.WRITE_SETTINGS
ADDED from AndroidManifest.xml:20:5
	android:name
		ADDED from AndroidManifest.xml:20:22
permission#edu.neu.madcourse.dharammaniar.permission.C2D_MESSAGE
ADDED from AndroidManifest.xml:22:5
	android:protectionLevel
		ADDED from AndroidManifest.xml:24:9
	android:name
		ADDED from AndroidManifest.xml:23:9
application
ADDED from AndroidManifest.xml:27:5
MERGED from com.google.android.gms:play-services:5.0.89:16:5
MERGED from AndroidManifest.xml:4:5
	android:label
		ADDED from AndroidManifest.xml:30:9
	android:allowBackup
		ADDED from AndroidManifest.xml:28:9
	android:icon
		ADDED from AndroidManifest.xml:29:9
	android:theme
		ADDED from AndroidManifest.xml:31:9
activity#edu.neu.madcourse.dharammaniar.MainActivity
ADDED from AndroidManifest.xml:32:9
	android:screenOrientation
		ADDED from AndroidManifest.xml:35:13
	android:label
		ADDED from AndroidManifest.xml:34:13
	android:name
		ADDED from AndroidManifest.xml:33:13
intent-filter#android.intent.action.MAIN+android.intent.category.LAUNCHER
ADDED from AndroidManifest.xml:36:13
action#android.intent.action.MAIN
ADDED from AndroidManifest.xml:37:17
	android:name
		ADDED from AndroidManifest.xml:37:25
category#android.intent.category.LAUNCHER
ADDED from AndroidManifest.xml:39:17
	android:name
		ADDED from AndroidManifest.xml:39:27
receiver#edu.neu.madcourse.dharammaniar.logit.BootCompletedReceiver
ADDED from AndroidManifest.xml:45:9
	android:name
		ADDED from AndroidManifest.xml:45:19
intent-filter#android.intent.action.BOOT_COMPLETED+android.intent.action.QUICKBOOT_POWERON
ADDED from AndroidManifest.xml:46:13
action#android.intent.action.BOOT_COMPLETED
ADDED from AndroidManifest.xml:47:17
	android:name
		ADDED from AndroidManifest.xml:47:25
action#android.intent.action.QUICKBOOT_POWERON
ADDED from AndroidManifest.xml:48:17
	android:name
		ADDED from AndroidManifest.xml:48:25
service#edu.neu.madcourse.dharammaniar.logit.MinuteService
ADDED from AndroidManifest.xml:52:9
	android:name
		ADDED from AndroidManifest.xml:52:18
service#edu.neu.madcourse.dharammaniar.logit.ListenerService
ADDED from AndroidManifest.xml:54:9
	android:name
		ADDED from AndroidManifest.xml:54:18
intent-filter#com.google.android.gms.wearable.BIND_LISTENER
ADDED from AndroidManifest.xml:55:13
action#com.google.android.gms.wearable.BIND_LISTENER
ADDED from AndroidManifest.xml:56:17
	android:name
		ADDED from AndroidManifest.xml:56:25
activity#edu.neu.madcourse.dharammaniar.logit.LogItSplashScreen
ADDED from AndroidManifest.xml:60:9
	android:label
		ADDED from AndroidManifest.xml:64:13
	android:exported
		ADDED from AndroidManifest.xml:62:13
	android:noHistory
		ADDED from AndroidManifest.xml:65:13
	android:icon
		ADDED from AndroidManifest.xml:63:13
	android:theme
		ADDED from AndroidManifest.xml:66:13
	android:name
		ADDED from AndroidManifest.xml:61:13
activity#edu.neu.madcourse.dharammaniar.logit.LogItWearConnectivityTutorialScreen
ADDED from AndroidManifest.xml:74:9
	android:screenOrientation
		ADDED from AndroidManifest.xml:78:13
	android:label
		ADDED from AndroidManifest.xml:76:13
	android:noHistory
		ADDED from AndroidManifest.xml:77:13
	android:name
		ADDED from AndroidManifest.xml:75:13
activity#edu.neu.madcourse.dharammaniar.logit.LogItWearQuestionTutorialScreen
ADDED from AndroidManifest.xml:80:9
	android:screenOrientation
		ADDED from AndroidManifest.xml:84:13
	android:label
		ADDED from AndroidManifest.xml:82:13
	android:noHistory
		ADDED from AndroidManifest.xml:83:13
	android:name
		ADDED from AndroidManifest.xml:81:13
activity#edu.neu.madcourse.dharammaniar.logit.LogItWearVoiceTutorialScreen
ADDED from AndroidManifest.xml:86:9
	android:screenOrientation
		ADDED from AndroidManifest.xml:90:13
	android:label
		ADDED from AndroidManifest.xml:88:13
	android:noHistory
		ADDED from AndroidManifest.xml:89:13
	android:name
		ADDED from AndroidManifest.xml:87:13
activity#edu.neu.madcourse.dharammaniar.logit.LogItMainScreen
ADDED from AndroidManifest.xml:92:9
	android:screenOrientation
		ADDED from AndroidManifest.xml:95:13
	android:label
		ADDED from AndroidManifest.xml:94:13
	android:name
		ADDED from AndroidManifest.xml:93:13
activity#edu.neu.madcourse.dharammaniar.logit.LogItManageActivitiesScreen
ADDED from AndroidManifest.xml:97:9
	android:screenOrientation
		ADDED from AndroidManifest.xml:100:13
	android:label
		ADDED from AndroidManifest.xml:99:13
	android:name
		ADDED from AndroidManifest.xml:98:13
activity#edu.neu.madcourse.dharammaniar.logit.LogItSetupDefaultActivitiesScreen
ADDED from AndroidManifest.xml:102:9
	android:screenOrientation
		ADDED from AndroidManifest.xml:105:13
	android:label
		ADDED from AndroidManifest.xml:104:13
	android:name
		ADDED from AndroidManifest.xml:103:13
activity#edu.neu.madcourse.dharammaniar.logit.LogItLogsScreen
ADDED from AndroidManifest.xml:107:9
	android:screenOrientation
		ADDED from AndroidManifest.xml:110:13
	android:label
		ADDED from AndroidManifest.xml:109:13
	android:name
		ADDED from AndroidManifest.xml:108:13
activity#edu.neu.madcourse.dharammaniar.logit.LogItViewChartsScreen
ADDED from AndroidManifest.xml:112:9
	android:screenOrientation
		ADDED from AndroidManifest.xml:115:13
	android:label
		ADDED from AndroidManifest.xml:114:13
	android:name
		ADDED from AndroidManifest.xml:113:13
activity#edu.neu.madcourse.dharammaniar.logit.LogItAddNewDefaultActivityScreen
ADDED from AndroidManifest.xml:117:9
	android:screenOrientation
		ADDED from AndroidManifest.xml:120:13
	android:label
		ADDED from AndroidManifest.xml:119:13
	android:name
		ADDED from AndroidManifest.xml:118:13
activity#edu.neu.madcourse.dharammaniar.logit.LogItRecordManualEntryScreen
ADDED from AndroidManifest.xml:122:9
	android:screenOrientation
		ADDED from AndroidManifest.xml:125:13
	android:label
		ADDED from AndroidManifest.xml:124:13
	android:name
		ADDED from AndroidManifest.xml:123:13
activity#edu.neu.madcourse.dharammaniar.logit.LogItEditEntryScreen
ADDED from AndroidManifest.xml:127:9
	android:screenOrientation
		ADDED from AndroidManifest.xml:130:13
	android:label
		ADDED from AndroidManifest.xml:129:13
	android:name
		ADDED from AndroidManifest.xml:128:13
activity#edu.neu.madcourse.dharammaniar.logit.LogItDeleteEntryScreen
ADDED from AndroidManifest.xml:132:9
	android:screenOrientation
		ADDED from AndroidManifest.xml:135:13
	android:label
		ADDED from AndroidManifest.xml:134:13
	android:name
		ADDED from AndroidManifest.xml:133:13
activity#edu.neu.madcourse.dharammaniar.logit.LogItExportToCSVScreen
ADDED from AndroidManifest.xml:137:9
	android:screenOrientation
		ADDED from AndroidManifest.xml:140:13
	android:label
		ADDED from AndroidManifest.xml:139:13
	android:name
		ADDED from AndroidManifest.xml:138:13
activity#edu.neu.madcourse.dharammaniar.logit.LogItAcknowledgements
ADDED from AndroidManifest.xml:142:9
	android:screenOrientation
		ADDED from AndroidManifest.xml:145:13
	android:label
		ADDED from AndroidManifest.xml:144:13
	android:name
		ADDED from AndroidManifest.xml:143:13
activity#edu.neu.madcourse.dharammaniar.about.AboutActivity
ADDED from AndroidManifest.xml:149:9
	android:label
		ADDED from AndroidManifest.xml:151:13
	android:name
		ADDED from AndroidManifest.xml:150:13
activity#edu.neu.madcourse.dharammaniar.sudoku.SudokuMainActivity
ADDED from AndroidManifest.xml:153:9
	android:label
		ADDED from AndroidManifest.xml:155:13
	android:name
		ADDED from AndroidManifest.xml:154:13
activity#edu.neu.madcourse.dharammaniar.sudoku.SodukuAboutActivity
ADDED from AndroidManifest.xml:157:9
	android:label
		ADDED from AndroidManifest.xml:159:13
	android:theme
		ADDED from AndroidManifest.xml:160:13
	android:name
		ADDED from AndroidManifest.xml:158:13
activity#edu.neu.madcourse.dharammaniar.sudoku.SudokuPrefActivity
ADDED from AndroidManifest.xml:162:9
	android:label
		ADDED from AndroidManifest.xml:164:13
	android:name
		ADDED from AndroidManifest.xml:163:13
activity#edu.neu.madcourse.dharammaniar.sudoku.SudokuGameActivity
ADDED from AndroidManifest.xml:166:9
	android:label
		ADDED from AndroidManifest.xml:168:13
	android:name
		ADDED from AndroidManifest.xml:167:13
activity#edu.neu.madcourse.dharammaniar.dictionary.DictionaryActivity
ADDED from AndroidManifest.xml:169:9
	android:label
		ADDED from AndroidManifest.xml:171:13
	android:windowSoftInputMode
		ADDED from AndroidManifest.xml:172:13
	android:name
		ADDED from AndroidManifest.xml:170:13
activity#edu.neu.madcourse.dharammaniar.bananagrams.BananagramsGridActivity
ADDED from AndroidManifest.xml:174:9
	android:screenOrientation
		ADDED from AndroidManifest.xml:177:13
	android:label
		ADDED from AndroidManifest.xml:176:13
	android:name
		ADDED from AndroidManifest.xml:175:13
activity#edu.neu.madcourse.dharammaniar.bananagrams.BananagramsMainActivity
ADDED from AndroidManifest.xml:179:9
	android:screenOrientation
		ADDED from AndroidManifest.xml:182:13
	android:label
		ADDED from AndroidManifest.xml:181:13
	android:name
		ADDED from AndroidManifest.xml:180:13
activity#edu.neu.madcourse.dharammaniar.bananagrams.BananagramsAck
ADDED from AndroidManifest.xml:184:9
	android:screenOrientation
		ADDED from AndroidManifest.xml:187:13
	android:label
		ADDED from AndroidManifest.xml:186:13
	android:name
		ADDED from AndroidManifest.xml:185:13
activity#edu.neu.madcourse.dharammaniar.communication.RegistrationActivity
ADDED from AndroidManifest.xml:189:9
	android:screenOrientation
		ADDED from AndroidManifest.xml:192:13
	android:label
		ADDED from AndroidManifest.xml:191:13
	android:name
		ADDED from AndroidManifest.xml:190:13
activity#edu.neu.madcourse.dharammaniar.communication.CommunicationActivity
ADDED from AndroidManifest.xml:194:9
	android:screenOrientation
		ADDED from AndroidManifest.xml:197:13
	android:label
		ADDED from AndroidManifest.xml:196:13
	android:name
		ADDED from AndroidManifest.xml:195:13
activity#edu.neu.madcourse.dharammaniar.communication.FindUserActivity
ADDED from AndroidManifest.xml:199:9
	android:screenOrientation
		ADDED from AndroidManifest.xml:202:13
	android:label
		ADDED from AndroidManifest.xml:201:13
	android:name
		ADDED from AndroidManifest.xml:200:13
activity#edu.neu.madcourse.dharammaniar.communication.EnterScoreActivity
ADDED from AndroidManifest.xml:204:9
	android:screenOrientation
		ADDED from AndroidManifest.xml:207:13
	android:label
		ADDED from AndroidManifest.xml:206:13
	android:name
		ADDED from AndroidManifest.xml:205:13
activity#edu.neu.madcourse.dharammaniar.communication.DisplayScores
ADDED from AndroidManifest.xml:209:9
	android:screenOrientation
		ADDED from AndroidManifest.xml:212:13
	android:label
		ADDED from AndroidManifest.xml:211:13
	android:name
		ADDED from AndroidManifest.xml:210:13
activity#edu.neu.madcourse.dharammaniar.communication.Acknowledgement
ADDED from AndroidManifest.xml:214:9
	android:screenOrientation
		ADDED from AndroidManifest.xml:217:13
	android:label
		ADDED from AndroidManifest.xml:216:13
	android:name
		ADDED from AndroidManifest.xml:215:13
receiver#edu.neu.madcourse.dharammaniar.communication.GcmBroadcastReceiver
ADDED from AndroidManifest.xml:220:9
	android:permission
		ADDED from AndroidManifest.xml:222:13
	android:name
		ADDED from AndroidManifest.xml:221:13
intent-filter#com.example.gcm+com.google.android.c2dm.intent.RECEIVE
ADDED from AndroidManifest.xml:223:13
action#com.google.android.c2dm.intent.RECEIVE
ADDED from AndroidManifest.xml:224:17
	android:name
		ADDED from AndroidManifest.xml:224:25
category#com.example.gcm
ADDED from AndroidManifest.xml:226:17
	android:name
		ADDED from AndroidManifest.xml:226:27
service#edu.neu.madcourse.dharammaniar.communication.GcmIntentService
ADDED from AndroidManifest.xml:230:9
	android:name
		ADDED from AndroidManifest.xml:230:18
activity#edu.neu.madcourse.dharammaniar.twoplayerbananagrams.TwoPlayerBananagramsMenu
ADDED from AndroidManifest.xml:232:9
	android:screenOrientation
		ADDED from AndroidManifest.xml:235:13
	android:label
		ADDED from AndroidManifest.xml:234:13
	android:name
		ADDED from AndroidManifest.xml:233:13
activity#edu.neu.madcourse.dharammaniar.twoplayerbananagrams.TwoPlayerBananagramsRegistration
ADDED from AndroidManifest.xml:237:9
	android:screenOrientation
		ADDED from AndroidManifest.xml:241:13
	android:label
		ADDED from AndroidManifest.xml:239:13
	android:noHistory
		ADDED from AndroidManifest.xml:240:13
	android:name
		ADDED from AndroidManifest.xml:238:13
activity#edu.neu.madcourse.dharammaniar.twoplayerbananagrams.TwoPlayerBananagramsFindFriends
ADDED from AndroidManifest.xml:243:9
	android:screenOrientation
		ADDED from AndroidManifest.xml:247:13
	android:label
		ADDED from AndroidManifest.xml:245:13
	android:noHistory
		ADDED from AndroidManifest.xml:246:13
	android:name
		ADDED from AndroidManifest.xml:244:13
activity#edu.neu.madcourse.dharammaniar.twoplayerbananagrams.TwoPlayerBananagramsGame
ADDED from AndroidManifest.xml:249:9
	android:screenOrientation
		ADDED from AndroidManifest.xml:252:13
	android:label
		ADDED from AndroidManifest.xml:251:13
	android:name
		ADDED from AndroidManifest.xml:250:13
activity#edu.neu.madcourse.dharammaniar.twoplayerbananagrams.TwoPlayerBananagramsDisplayScores
ADDED from AndroidManifest.xml:254:9
	android:screenOrientation
		ADDED from AndroidManifest.xml:257:13
	android:label
		ADDED from AndroidManifest.xml:256:13
	android:name
		ADDED from AndroidManifest.xml:255:13
activity#edu.neu.madcourse.dharammaniar.twoplayerbananagrams.TwoPlayerBananagramsAck
ADDED from AndroidManifest.xml:259:9
	android:screenOrientation
		ADDED from AndroidManifest.xml:262:13
	android:label
		ADDED from AndroidManifest.xml:261:13
	android:name
		ADDED from AndroidManifest.xml:260:13
activity#edu.neu.madcourse.dharammaniar.trickiestpart.TrickiestPart
ADDED from AndroidManifest.xml:264:9
	android:screenOrientation
		ADDED from AndroidManifest.xml:268:13
	android:label
		ADDED from AndroidManifest.xml:267:13
	android:exported
		ADDED from AndroidManifest.xml:266:13
	android:name
		ADDED from AndroidManifest.xml:265:13
activity#edu.neu.madcourse.dharammaniar.trickiestpart.wear.Wear
ADDED from AndroidManifest.xml:270:9
	android:screenOrientation
		ADDED from AndroidManifest.xml:273:13
	android:label
		ADDED from AndroidManifest.xml:272:13
	android:name
		ADDED from AndroidManifest.xml:271:13
activity#edu.neu.madcourse.dharammaniar.trickiestpart.voice.VoiceModuleMainMenu
ADDED from AndroidManifest.xml:278:9
	android:screenOrientation
		ADDED from AndroidManifest.xml:281:13
	android:label
		ADDED from AndroidManifest.xml:280:13
	android:name
		ADDED from AndroidManifest.xml:279:13
activity#edu.neu.madcourse.dharammaniar.trickiestpart.voice.ConfigureActivityVoiceCommandActivity
ADDED from AndroidManifest.xml:282:9
	android:screenOrientation
		ADDED from AndroidManifest.xml:285:13
	android:label
		ADDED from AndroidManifest.xml:284:13
	android:name
		ADDED from AndroidManifest.xml:283:13
activity#edu.neu.madcourse.dharammaniar.trickiestpart.voice.DefaultVoiceCommandsActivity
ADDED from AndroidManifest.xml:286:9
	android:screenOrientation
		ADDED from AndroidManifest.xml:289:13
	android:label
		ADDED from AndroidManifest.xml:288:13
	android:name
		ADDED from AndroidManifest.xml:287:13
activity#edu.neu.madcourse.dharammaniar.trickiestpart.voice.ViewEntriesActivity
ADDED from AndroidManifest.xml:290:9
	android:screenOrientation
		ADDED from AndroidManifest.xml:293:13
	android:label
		ADDED from AndroidManifest.xml:292:13
	android:name
		ADDED from AndroidManifest.xml:291:13
activity#edu.neu.madcourse.dharammaniar.trickiestpart.time.TimeModuleMainMenu
ADDED from AndroidManifest.xml:300:9
	android:screenOrientation
		ADDED from AndroidManifest.xml:303:13
	android:label
		ADDED from AndroidManifest.xml:302:13
	android:name
		ADDED from AndroidManifest.xml:301:13
activity#edu.neu.madcourse.dharammaniar.trickiestpart.time.DefaultTimeBasedActivity
ADDED from AndroidManifest.xml:305:9
	android:screenOrientation
		ADDED from AndroidManifest.xml:308:13
	android:label
		ADDED from AndroidManifest.xml:307:13
	android:name
		ADDED from AndroidManifest.xml:306:13
activity#edu.neu.madcourse.dharammaniar.trickiestpart.time.ConfigureTimeBasedActivity
ADDED from AndroidManifest.xml:310:9
	android:screenOrientation
		ADDED from AndroidManifest.xml:313:13
	android:label
		ADDED from AndroidManifest.xml:312:13
	android:name
		ADDED from AndroidManifest.xml:311:13
service#edu.neu.madcourse.dharammaniar.trickiestpart.time.TimeBasedService
ADDED from AndroidManifest.xml:315:9
	android:enabled
		ADDED from AndroidManifest.xml:317:13
	android:exported
		ADDED from AndroidManifest.xml:318:13
	android:name
		ADDED from AndroidManifest.xml:316:13
activity#edu.neu.madcourse.dharammaniar.trickiestpart.location.LocationActivity
ADDED from AndroidManifest.xml:323:9
	android:screenOrientation
		ADDED from AndroidManifest.xml:326:13
	android:label
		ADDED from AndroidManifest.xml:325:13
	android:name
		ADDED from AndroidManifest.xml:324:13
meta-data#com.google.android.gms.version
ADDED from AndroidManifest.xml:329:9
	android:value
		ADDED from AndroidManifest.xml:331:13
	android:name
		ADDED from AndroidManifest.xml:330:13
service#edu.neu.madcourse.dharammaniar.trickiestpart.wear.WearListenerService
ADDED from AndroidManifest.xml:333:9
	android:enabled
		ADDED from AndroidManifest.xml:335:13
	android:name
		ADDED from AndroidManifest.xml:334:13
service#edu.neu.madcourse.dharammaniar.trickiestpart.location.MinuteService
ADDED from AndroidManifest.xml:339:9
	android:name
		ADDED from AndroidManifest.xml:339:18
activity#edu.neu.madcourse.dharammaniar.logit.FinalProject
ADDED from AndroidManifest.xml:341:9
	android:screenOrientation
		ADDED from AndroidManifest.xml:344:13
	android:label
		ADDED from AndroidManifest.xml:343:13
	android:name
		ADDED from AndroidManifest.xml:342:13
uses-sdk
INJECTED from AndroidManifest.xml:0:0 reason: use-sdk injection requested
MERGED from com.google.android.gms:play-services:5.0.89:15:5
MERGED from AndroidManifest.xml:3:13
	android:targetSdkVersion
		INJECTED from AndroidManifest.xml:0:0
		INJECTED from AndroidManifest.xml:0:0
	android:minSdkVersion
		INJECTED from AndroidManifest.xml:0:0
		INJECTED from AndroidManifest.xml:0:0
meta-data#com.google.android.wearable.beta.app
ADDED from AndroidManifest.xml:5:9
	android:resource
		ADDED from AndroidManifest.xml:6:20
	android:name
		ADDED from AndroidManifest.xml:5:20